
background.js:17 WebtoonScan Downloader (Refactored/Individual Zips): Background service worker started.
background.js:27 Site adapters loaded successfully.
SiteRegistry.js:33 [SiteRegistry] Registered adapter: webtoonscan
SiteRegistry.js:120 [SiteRegistry] Initialized with adapters: Array(1)
background.js:701 [Background] Event listeners registered.
background.js:673 WebtoonScan Downloader (Individual Zips) installed/updated. update
sidepanel.js:38 Overall Status Update: Initializing...
SiteRegistry.js:33 [SiteRegistry] Registered adapter: webtoonscan
SiteRegistry.js:120 [SiteRegistry] Initialized with adapters: Array(1)
sidepanel.js:38 Overall Status Update: Ready. Site: Webtoonscan. Click 'Scan'.
sidepanel.js:38 Overall Status Update: Scanning...
sidepanel.js:218 Injecting content script...
sidepanel.js:224 Content script injected successfully
sidepanel.js:230 Sending getChapters request to content script...
sidepanel.js:232 Received response from content script: Object
sidepanel.js:38 Overall Status Update: Found 33 chapters. Ready.
sidepanel.js:38 Overall Status Update: Starting download for 5 chapters...
sidepanel.js:323 Requesting download for chapters 11 to 15
background.js:605 [Msg Listener] Received startDownload request.
background.js:387 [Batch] Starting individual chapter downloads for 5 chapters. Title: Teacher Yunji Raw
background.js:455 [Batch] Starting task 1/5 for Ch "Chapter 19". Active: 1
background.js:474 [Batch] Using adapter: Webtoonscan for chapter
background.js:330 [Ch 1/5 "Chapter 19"] Starting processing...
background.js:350 [Ch 1/5 "Chapter 19"] Using adapter: Webtoonscan
sidepanel.js:38 Overall Status Update: Preparing... 0/5
WebtoonscanAdapter.js:25 [Webtoonscan Download Ch1] Starting download...
sidepanel.js:38 Overall Status Update: Processing Ch. Chapter 19... (1 active)
WebtoonscanAdapter.js:37 [Webtoonscan Download Ch1] Created chapter tab ID: 52654677
background.js:455 [Batch] Starting task 2/5 for Ch "Chapter 2". Active: 2
sidepanel.js:38 Overall Status Update: Processing Ch. Chapter 2... (2 active)
background.js:474 [Batch] Using adapter: Webtoonscan for chapter
background.js:330 [Ch 2/5 "Chapter 2"] Starting processing...
background.js:350 [Ch 2/5 "Chapter 2"] Using adapter: Webtoonscan
WebtoonscanAdapter.js:25 [Webtoonscan Download Ch2] Starting download...
WebtoonscanAdapter.js:37 [Webtoonscan Download Ch2] Created chapter tab ID: 52654678
background.js:455 [Batch] Starting task 3/5 for Ch "Chapter 20". Active: 3
background.js:474 [Batch] Using adapter: Webtoonscan for chapter
background.js:330 [Ch 3/5 "Chapter 20"] Starting processing...
background.js:350 [Ch 3/5 "Chapter 20"] Using adapter: Webtoonscan
sidepanel.js:38 Overall Status Update: Processing Ch. Chapter 20... (3 active)
WebtoonscanAdapter.js:25 [Webtoonscan Download Ch3] Starting download...
WebtoonscanAdapter.js:37 [Webtoonscan Download Ch3] Created chapter tab ID: 52654679
6sidepanel.js:38 Overall Status Update: Waiting for 3 tasks...
WebtoonscanAdapter.js:50 [Webtoonscan Download Ch2] Found 23 valid image URLs.
WebtoonscanAdapter.js:77 [Webtoonscan Download Ch2] Creating image tab for URL: https://cdn4.webtoonscan.com/teacher-yunji-raw-19894/chapter-2/1.jpg
WebtoonscanAdapter.js:82 [Webtoonscan Download Ch2] Created image tab ID: 52654681
3sidepanel.js:38 Overall Status Update: Waiting for 3 tasks...
WebtoonscanAdapter.js:50 [Webtoonscan Download Ch1] Found 23 valid image URLs.
WebtoonscanAdapter.js:77 [Webtoonscan Download Ch1] Creating image tab for URL: https://cdn4.webtoonscan.com/teacher-yunji-raw-19894/chapter-19/1.jpg
WebtoonscanAdapter.js:82 [Webtoonscan Download Ch1] Created image tab ID: 52654683
WebtoonscanAdapter.js:50 [Webtoonscan Download Ch3] Found 23 valid image URLs.
WebtoonscanAdapter.js:77 [Webtoonscan Download Ch3] Creating image tab for URL: https://cdn4.webtoonscan.com/teacher-yunji-raw-19894/chapter-20/1.jpg
WebtoonscanAdapter.js:82 [Webtoonscan Download Ch3] Created image tab ID: 52654685
4sidepanel.js:38 Overall Status Update: Waiting for 3 tasks...
background.js:633 [Msg Listener] Received imageTabDone for unknown Tab 52654681: Object
(anonymous) @ background.js:633
background.js:499 [Batch] Finished task 2. Status: success. Chapter: Chapter 2
background.js:503 [Batch] Task slot released. Active tasks: 2
sidepanel.js:38 Overall Status Update: ✅ Download Init.: Ch. Chapter 2
background.js:499 [Batch] Finished task 1. Status: success. Chapter: Chapter 19
background.js:503 [Batch] Task slot released. Active tasks: 1
background.js:499 [Batch] Finished task 3. Status: success. Chapter: Chapter 20
background.js:503 [Batch] Task slot released. Active tasks: 0
background.js:455 [Batch] Starting task 4/5 for Ch "Chapter 21". Active: 1
background.js:474 [Batch] Using adapter: Webtoonscan for chapter
background.js:330 [Ch 4/5 "Chapter 21"] Starting processing...
background.js:350 [Ch 4/5 "Chapter 21"] Using adapter: Webtoonscan
WebtoonscanAdapter.js:25 [Webtoonscan Download Ch4] Starting download...
sidepanel.js:38 Overall Status Update: ✅ Download Init.: Ch. Chapter 19
sidepanel.js:38 Overall Status Update: ✅ Download Init.: Ch. Chapter 20
sidepanel.js:38 Overall Status Update: Processing Ch. Chapter 21... (1 active)
WebtoonscanAdapter.js:37 [Webtoonscan Download Ch4] Created chapter tab ID: 52654689
background.js:455 [Batch] Starting task 5/5 for Ch "Chapter 22". Active: 2
background.js:474 [Batch] Using adapter: Webtoonscan for chapter
background.js:330 [Ch 5/5 "Chapter 22"] Starting processing...
sidepanel.js:38 Overall Status Update: Processing Ch. Chapter 22... (2 active)
background.js:350 [Ch 5/5 "Chapter 22"] Using adapter: Webtoonscan
WebtoonscanAdapter.js:25 [Webtoonscan Download Ch5] Starting download...
WebtoonscanAdapter.js:37 [Webtoonscan Download Ch5] Created chapter tab ID: 52654690
6sidepanel.js:38 Overall Status Update: Waiting for 2 tasks...
WebtoonscanAdapter.js:50 [Webtoonscan Download Ch4] Found 23 valid image URLs.
WebtoonscanAdapter.js:77 [Webtoonscan Download Ch4] Creating image tab for URL: https://cdn4.webtoonscan.com/teacher-yunji-raw-19894/chapter-21/1.jpg
WebtoonscanAdapter.js:82 [Webtoonscan Download Ch4] Created image tab ID: 52654692
sidepanel.js:38 Overall Status Update: Waiting for 2 tasks...
WebtoonscanAdapter.js:50 [Webtoonscan Download Ch5] Found 23 valid image URLs.
WebtoonscanAdapter.js:77 [Webtoonscan Download Ch5] Creating image tab for URL: https://cdn4.webtoonscan.com/teacher-yunji-raw-19894/chapter-22/1.jpg
WebtoonscanAdapter.js:82 [Webtoonscan Download Ch5] Created image tab ID: 52654694
5sidepanel.js:38 Overall Status Update: Waiting for 2 tasks...
background.js:633 [Msg Listener] Received imageTabDone for unknown Tab 52654692: Object
(anonymous) @ background.js:633
background.js:499 [Batch] Finished task 4. Status: success. Chapter: Chapter 21
background.js:503 [Batch] Task slot released. Active tasks: 1
background.js:499 [Batch] Finished task 5. Status: success. Chapter: Chapter 22
background.js:503 [Batch] Task slot released. Active tasks: 0
sidepanel.js:38 Overall Status Update: ✅ Download Init.: Ch. Chapter 21
sidepanel.js:38 Overall Status Update: ✅ Download Init.: Ch. Chapter 22
background.js:524 [Batch] All chapter processing tasks finished.
background.js:556 [Batch] ✅ Batch Complete: Initiated 5/5 chapter downloads. Failed/Skipped: 0. Check your browser downloads.
background.js:575 [Batch] Orchestration finished.
sidepanel.js:38 Overall Status Update: Finalizing...
sidepanel.js:38 Overall Status Update: ✅ Batch Complete: Initiated 5/5 chapter downloads. Failed/Skipped: 0. Check your browser downloads.